
================================================================
======== txAdmin Starting - 9/4/2023, 11:32:35 pm               
================================================================
[23:33:00][MagKartik69] created admins file
[23:33:18][MagKartik69] logged in from 127.0.0.1 via citizenfx
[23:33:56][MagKartik69] Changing global/fxserver settings via setup stepper.
[23:35:14][MagKartik69] Changing discordBot settings.
[23:35:53][MagKartik69] Changing discordBot settings.
[23:36:12][MagKartik69] Changing discordBot settings.
[23:36:57][MagKartik69] Editing user 'MagKartik69'.
[23:40:42][MagKartik69] Editing user 'MagKartik69'.
[23:40:51][MagKartik69] Status embed saved.
[23:56:08][MagKartik69] Status embed saved.
[23:59:53][MagKartik69] Status embed saved.
[00:02:32][MagKartik69] executed "RESTART SERVER"
[00:02:42][MagKartik69] Status embed saved.

================================================================
======== txAdmin Starting - 10/4/2023, 12:25:12 am              
================================================================
[00:25:26][MagKartik69] Status embed saved.
[00:25:51][MagKartik69] logged in from 127.0.0.1 via citizenfx
[00:26:10][MagKartik69] Changing discordBot settings.
[00:26:39][MagKartik69] Changing discordBot settings.
[00:27:30][MagKartik69] Changing discordBot settings.
[00:28:41][MagKartik69] Changing discordBot settings.
[00:28:44][MagKartik69] Changing discordBot settings.
[00:31:18][MagKartik69] Changing Player Controller settings.
[00:32:44][MagKartik69] Changing Player Controller settings.

================================================================
======== txAdmin Starting - 10/4/2023, 12:33:07 am              
================================================================
[00:35:26][MagKartik69] logged in via in-game ui

================================================================
======== txAdmin Starting - 10/4/2023, 8:39:42 am               
================================================================
[08:43:48][MagKartik69] Status embed saved.
[08:47:14][MagKartik69] logged in via in-game ui
