
================================================================
======== Log Rotated - 10/4/2023, 12:00:00 am                   
================================================================
[12:02:41 am] txAdmin: Logger started

================================================================
======== txAdmin Starting - 10/4/2023, 12:25:12 am              
================================================================
[12:25:18 am] txAdmin: Logger started

================================================================
======== txAdmin Starting - 10/4/2023, 12:33:07 am              
================================================================
[12:33:13 am] txAdmin: Logger started
[12:35:10 am] [jdWFL#1] Kartik: joined with identifiers [license:7ec83d042b64d02dc91281ed29a5547cfd65dfe3; xbl:2535406600534065; live:985154305219266; discord:471394499755638784; fivem:1132292; license2:7ec83d042b64d02dc91281ed29a5547cfd65dfe3]
[12:35:47 am] [jdWFL#1] Kartik: said "/car t20"
[12:38:01 am] [jdWFL#1] Kartik: died from suicide
[12:40:57 am] [jdWFL#1] Kartik: disconnected (Exiting)

================================================================
======== txAdmin Starting - 10/4/2023, 8:39:42 am               
================================================================
[8:39:53 am] txAdmin: Logger started
[8:46:45 am] [ikyWz#1] Kartik: joined with identifiers [license:7ec83d042b64d02dc91281ed29a5547cfd65dfe3; xbl:2535406600534065; live:985154305219266; discord:471394499755638784; fivem:1132292; license2:7ec83d042b64d02dc91281ed29a5547cfd65dfe3]
[8:53:29 am] [ikyWz#1] Kartik: disconnected (Exiting)
